2016-07-25 18:15:37,966 Starting backup to d:/temp/backup from C:/obv/Lect_Python2/T22 C:/obv/Lect_Python2/T21
2016-07-25 18:15:56,138 Starting backup to d:/temp/backup from C:/obv/Lect_Python2/T22 C:/obv/Lect_Python2/T21
2016-07-25 18:16:14,177 Starting backup to d:/temp/backup from C:/obv/Lect_Python2/T22 C:/obv/Lect_Python2/T21
2016-07-25 18:16:32,229 Starting backup to d:/temp/backup from C:/obv/Lect_Python2/T22 C:/obv/Lect_Python2/T21
2016-07-25 18:23:51,918 Starting backup to d:/temp/backup from C:/obv/Lect_Python2/T22 C:/obv/Lect_Python2/T21
2016-07-25 18:24:28,520 Starting backup to d:/temp/backup from C:/obv/Lect_Python2/T22 C:/obv/Lect_Python2/T21
2016-07-25 18:25:05,070 Starting backup to d:/temp/backup from C:/obv/Lect_Python2/T22 C:/obv/Lect_Python2/T21
2016-07-29 21:43:06,544 Starting backup to d:/temp/backup from C:/obv/Lect_Python2/T22 C:/obv/Lect_Python2/T21
2016-07-29 21:43:45,121 Starting backup to d:/temp/backup from C:/obv/Lect_Python2/T22 C:/obv/Lect_Python2/T21
2016-07-29 21:44:21,744 Starting backup to d:/temp/backup from C:/obv/Lect_Python2/T22 C:/obv/Lect_Python2/T21
2016-07-29 21:44:58,313 Starting backup to d:/temp/backup from C:/obv/Lect_Python2/T22 C:/obv/Lect_Python2/T21
2016-07-29 21:45:34,824 Starting backup to d:/temp/backup from C:/obv/Lect_Python2/T22 C:/obv/Lect_Python2/T21
2016-07-29 21:46:11,377 Starting backup to d:/temp/backup from C:/obv/Lect_Python2/T22 C:/obv/Lect_Python2/T21
2016-07-29 21:46:53,226 Starting backup to d:/temp/backup from C:/obv/Lect_Python2/T22 C:/obv/Lect_Python2/T21
2016-07-29 21:47:59,982 Starting backup to d:/temp/backup from C:/obv/Lect_Python2/T22 C:/obv/Lect_Python2/T21
2016-07-29 23:04:09,181 Starting backup to d:/temp/backup from C:/obv/Lect_Python2/T22 C:/obv/Lect_Python2/T21
2016-07-29 23:08:19,557 Starting backup to d:/temp/backup from C:/obv/Lect_Python2/T22 C:/obv/Lect_Python2/T21
2016-07-29 23:21:39,312 Starting backup to d:/temp/backup from C:/obv/Lect_Python2/T22 C:/obv/Lect_Python2/T21
2016-07-29 23:22:15,801 Starting backup to d:/temp/backup from C:/obv/Lect_Python2/T22 C:/obv/Lect_Python2/T21
2016-07-29 23:22:52,299 Starting backup to d:/temp/backup from C:/obv/Lect_Python2/T22 C:/obv/Lect_Python2/T21
2016-07-29 23:23:28,763 Starting backup to d:/temp/backup from C:/obv/Lect_Python2/T22 C:/obv/Lect_Python2/T21
2016-07-29 23:24:05,317 Starting backup to d:/temp/backup from C:/obv/Lect_Python2/T22 C:/obv/Lect_Python2/T21
2016-07-29 23:24:41,853 Starting backup to d:/temp/backup from C:/obv/Lect_Python2/T22 C:/obv/Lect_Python2/T21
2016-07-29 23:25:18,305 Starting backup to d:/temp/backup from C:/obv/Lect_Python2/T22 C:/obv/Lect_Python2/T21
2016-07-29 23:25:54,753 Starting backup to d:/temp/backup from C:/obv/Lect_Python2/T22 C:/obv/Lect_Python2/T21
2016-07-29 23:26:31,218 Starting backup to d:/temp/backup from C:/obv/Lect_Python2/T22 C:/obv/Lect_Python2/T21
2016-07-29 23:27:07,657 Starting backup to d:/temp/backup from C:/obv/Lect_Python2/T22 C:/obv/Lect_Python2/T21
2016-07-29 23:27:44,140 Starting backup to d:/temp/backup from C:/obv/Lect_Python2/T22 C:/obv/Lect_Python2/T21
2016-07-29 23:28:20,612 Starting backup to d:/temp/backup from C:/obv/Lect_Python2/T22 C:/obv/Lect_Python2/T21
2016-07-29 23:28:57,123 Starting backup to d:/temp/backup from C:/obv/Lect_Python2/T22 C:/obv/Lect_Python2/T21
2016-07-29 23:29:33,626 Starting backup to d:/temp/backup from C:/obv/Lect_Python2/T22 C:/obv/Lect_Python2/T21
2016-07-29 23:30:10,087 Starting backup to d:/temp/backup from C:/obv/Lect_Python2/T22 C:/obv/Lect_Python2/T21
2016-07-29 23:30:46,594 Starting backup to d:/temp/backup from C:/obv/Lect_Python2/T22 C:/obv/Lect_Python2/T21
2016-07-29 23:31:23,159 Starting backup to d:/temp/backup from C:/obv/Lect_Python2/T22 C:/obv/Lect_Python2/T21
2016-07-29 23:31:59,735 Starting backup to d:/temp/backup from C:/obv/Lect_Python2/T22 C:/obv/Lect_Python2/T21
2016-07-29 23:32:36,254 Starting backup to d:/temp/backup from C:/obv/Lect_Python2/T22 C:/obv/Lect_Python2/T21
2016-07-29 23:33:12,752 Starting backup to d:/temp/backup from C:/obv/Lect_Python2/T22 C:/obv/Lect_Python2/T21
2016-07-29 23:33:49,273 Starting backup to d:/temp/backup from C:/obv/Lect_Python2/T22 C:/obv/Lect_Python2/T21
2016-07-29 23:34:25,864 Starting backup to d:/temp/backup from C:/obv/Lect_Python2/T22 C:/obv/Lect_Python2/T21
2016-07-29 23:35:02,354 Starting backup to d:/temp/backup from C:/obv/Lect_Python2/T22 C:/obv/Lect_Python2/T21
2016-07-29 23:35:38,809 Starting backup to d:/temp/backup from C:/obv/Lect_Python2/T22 C:/obv/Lect_Python2/T21
2016-07-29 23:36:15,312 Starting backup to d:/temp/backup from C:/obv/Lect_Python2/T22 C:/obv/Lect_Python2/T21
2016-07-29 23:36:51,793 Starting backup to d:/temp/backup from C:/obv/Lect_Python2/T22 C:/obv/Lect_Python2/T21
2016-07-29 23:37:28,320 Starting backup to d:/temp/backup from C:/obv/Lect_Python2/T22 C:/obv/Lect_Python2/T21
2016-07-29 23:38:04,885 Starting backup to d:/temp/backup from C:/obv/Lect_Python2/T22 C:/obv/Lect_Python2/T21
2016-07-29 23:38:41,402 Starting backup to d:/temp/backup from C:/obv/Lect_Python2/T22 C:/obv/Lect_Python2/T21
2016-07-29 23:39:17,945 Starting backup to d:/temp/backup from C:/obv/Lect_Python2/T22 C:/obv/Lect_Python2/T21
2016-07-29 23:39:54,457 Starting backup to d:/temp/backup from C:/obv/Lect_Python2/T22 C:/obv/Lect_Python2/T21
2016-07-29 23:42:23,355 Starting backup to d:/temp/backup from C:/obv/Lect_Python2/T22 C:/obv/Lect_Python2/T21 C:\obv\Lect_Python2\T20
2016-07-29 23:43:02,005 Starting backup to d:/temp/backup from C:/obv/Lect_Python2/T22 C:/obv/Lect_Python2/T21 C:\obv\Lect_Python2\T20
2016-07-29 23:50:07,516 Starting backup to D:\Temp\Backup2 from C:/obv/Lect_Python2/T22 C:/obv/Lect_Python2/T21 C:\obv\Lect_Python2\T20
2016-07-29 23:50:43,974 Starting backup to D:\Temp\Backup2 from C:/obv/Lect_Python2/T22 C:/obv/Lect_Python2/T21 C:\obv\Lect_Python2\T20
2016-07-29 23:51:25,834 Starting backup to D:\Temp\Backup2 from C:/obv/Lect_Python2/T22 C:/obv/Lect_Python2/T21 C:\obv\Lect_Python2\T20
2016-07-29 23:52:07,410 Starting backup to D:\Temp\Backup2 from C:/obv/Lect_Python2/T22 C:/obv/Lect_Python2/T21 C:\obv\Lect_Python2\T20
2016-07-29 23:52:50,471 Starting backup to D:\Temp\Backup2 from C:/obv/Lect_Python2/T22 C:/obv/Lect_Python2/T21 C:\obv\Lect_Python2\T20
2016-07-29 23:53:31,432 Starting backup to D:\Temp\Backup2 from C:/obv/Lect_Python2/T22 C:/obv/Lect_Python2/T21 C:\obv\Lect_Python2\T20
2016-07-29 23:55:28,657 Starting backup to D:\Temp\Backup2 from C:/obv/Lect_Python2/T22 C:/obv/Lect_Python2/T21 C:\obv\Lect_Python2\T20
2016-07-29 23:56:09,769 Starting backup to D:\Temp\Backup2 from C:/obv/Lect_Python2/T22 C:/obv/Lect_Python2/T21 C:\obv\Lect_Python2\T20
2016-07-29 23:59:50,061 Starting backup to D:\Temp\Backup2 from C:/obv/Lect_Python2/T22 C:/obv/Lect_Python2/T21 C:\obv\Lect_Python2\T20
2016-07-30 00:32:06,037 Starting backup to D:\Temp\Backup2 from C:/obv/Lect_Python2/T22 C:\obv\Lect_Python2\T20
2016-07-30 00:33:22,184 Starting backup to D:\Temp\Backup2 from C:/obv/Lect_Python2/T22 C:\obv\Lect_Python2\T20 C:\obv\Lect_Python2\T21
2016-07-30 00:34:03,121 Starting backup to D:\Temp\Backup2 from C:/obv/Lect_Python2/T22 C:\obv\Lect_Python2\T20 C:\obv\Lect_Python2\T21
2016-07-30 00:34:44,457 Starting backup to D:\Temp\Backup2 from C:/obv/Lect_Python2/T22 C:\obv\Lect_Python2\T20 C:\obv\Lect_Python2\T21
2016-07-30 10:50:43,687 Starting backup to D:\Temp\Backup from C:/obv/Lect_Python2/T22 C:\obv\Lect_Python2\T21 C:\obv\Lect_Python2\T24
2016-07-30 10:51:20,843 Starting backup to D:\Temp\Backup from C:/obv/Lect_Python2/T22 C:\obv\Lect_Python2\T21 C:\obv\Lect_Python2\T24
2016-07-30 10:51:57,470 Starting backup to D:\Temp\Backup from C:/obv/Lect_Python2/T22 C:\obv\Lect_Python2\T21 C:\obv\Lect_Python2\T24
2016-08-07 12:10:19,349 Starting backup to D:\Temp\Backup from C:/obv/Lect_Python2/T22 C:\obv\Lect_Python2\T21 C:\obv\Lect_Python2\T24
2016-08-08 14:21:23,850 Starting backup to D:\Temp\Backup from C:/obv/Lect_Python2/T22 C:\obv\Lect_Python2\T21 C:\obv\Lect_Python2\T24
2016-08-08 14:22:00,616 Starting backup to D:\Temp\Backup from C:/obv/Lect_Python2/T22 C:\obv\Lect_Python2\T21 C:\obv\Lect_Python2\T24
2016-08-08 14:23:25,504 Starting backup to D:\Temp\Backup from C:/obv/Lect_Python2/T22 C:\obv\Lect_Python2\T21 C:\obv\Lect_Python2\T24
2016-08-08 14:24:02,225 Starting backup to D:\Temp\Backup from C:/obv/Lect_Python2/T22 C:\obv\Lect_Python2\T21 C:\obv\Lect_Python2\T24
